<?xml version="1.0" encoding="UTF-8"?>
<!-- Generated by org.testng.reporters.JUnitReportReporter -->
<testsuite hostname="LAPTOP-VF6GAM2D" failures="0" tests="1" name="TestNG.Login" time="7.728" errors="0" timestamp="2024-02-09T21:33:54 IST" skipped="0">
  <testcase classname="TestNG.Login" name="OpenApp" time="7.728"/>
</testsuite> <!-- TestNG.Login -->
