<?xml version="1.0" encoding="UTF-8"?>
<!-- Generated by org.testng.reporters.JUnitReportReporter -->
<testsuite hostname="LAPTOP-VF6GAM2D" failures="0" tests="2" name="TestNG.BeforeAndAfterMethod" time="0.010" errors="0" timestamp="2024-02-09T22:38:25 IST" skipped="0">
  <testcase classname="TestNG.BeforeAndAfterMethod" name="Login" time="0.007"/>
  <testcase classname="TestNG.BeforeAndAfterMethod" name="search" time="0.003"/>
</testsuite> <!-- TestNG.BeforeAndAfterMethod -->
